<?xml version="1.0" encoding="UTF-8"?>
<!-- Generated by org.testng.reporters.JUnitReportReporter -->
<testsuite hostname="LNDA0180" failures="0" tests="7" name="Keyword.MyTest" time="10.496" errors="0" timestamp="27 Jun 2018 14:17:02 GMT">
  <testcase classname="Keyword.MyTest" name="testLoginCorrectPswrd_WrongUsrname" time="0.759"/>
  <testcase classname="Keyword.MyTest" name="testLoginCorrectPswrd_BlankUsrname" time="0.616"/>
  <testcase classname="Keyword.MyTest" name="testLoginBlankPswrd_BlankUsrname" time="0.589"/>
  <testcase classname="Keyword.MyTest" name="testLoginBlankPswrd_CorrectUsrname" time="0.886"/>
  <testcase classname="Keyword.MyTest" name="testLoginCorrectCredentials" time="6.128"/>
  <testcase classname="Keyword.MyTest" name="testLoginWorngPswrd_WrongUsrname" time="0.787"/>
  <testcase classname="Keyword.MyTest" name="testLoginWrongPswrd_CorrectUsrname" time="0.731"/>
</testsuite> <!-- Keyword.MyTest -->
